<?xml version="1.0" encoding="UTF-8"?>
<!-- Generated by org.testng.reporters.JUnitReportReporter -->
<testsuite hostname="DESKTOP-M183S7M" name="printProduct.TestPage" tests="1" failures="0" timestamp="24 Feb 2020 22:24:39 GMT" time="27.402" errors="0">
  <testcase name="Amazon" time="27.402" classname="printProduct.TestPage"/>
</testsuite> <!-- printProduct.TestPage -->
